<?xml version="1.0" encoding="UTF-8"?>
<!-- Generated by org.testng.reporters.JUnitXMLReporter -->
<testsuite hostname="NIS-PK371" name="Surefire test" tests="3" failures="0" timestamp="5 Jun 2022 13:36:30 GMT" time="43.705" errors="0">
  <testcase name="create_shopping_list" time="6.301" classname="com.selenium.shopinglist.SL0006"/>
  <testcase name="check_shopping_list_item_isSelected" time="12.337" classname="com.selenium.shopinglist.SL0007"/>
  <testcase name="delete_unchecked_item_in_list" time="9.29" classname="com.selenium.shopinglist.SL0010"/>
</testsuite> <!-- Surefire test -->
