<?xml version="1.0" encoding="UTF-8"?>
<testsuite xmlns:xsi="http://www.w3.org/2001/XMLSchema-instance" xsi:noNamespaceSchemaLocation="https://maven.apache.org/surefire/maven-surefire-plugin/xsd/surefire-test-report.xsd" name="TestSuite" time="44.309" tests="3" errors="0" skipped="0" failures="0">
  <properties>
[...]
</properties>
  <testcase name="create_shopping_list" classname="com.selenium.shopinglist.SL0006" time="6.302"/>
  <testcase name="check_shopping_list_item_isSelected" classname="com.selenium.shopinglist.SL0007" time="12.338"/>
  <testcase name="delete_unchecked_item_in_list" classname="com.selenium.shopinglist.SL0010" time="9.29"/>
</testsuite>